{"uuid":"38672978-b6d6-476e-b3aa-e070a01e76d4","historyId":"80e17946b3f97250ad0b377c9bd94ae2","fullName":"org.br.curso.tests.ApiTests.testeLogin","labels":[{"name":"package","value":"org.br.curso.tests.ApiTests"},{"name":"testClass","value":"org.br.curso.tests.ApiTests"},{"name":"testMethod","value":"testeLogin"},{"name":"parentSuite","value":"Default suite"},{"name":"suite","value":"Default test"},{"name":"subSuite","value":"org.br.curso.tests.ApiTests"},{"name":"host","value":"LP0948"},{"name":"thread","value":"7092@LP0948.main(1)"}],"links":[],"name":"testeLogin","status":"failed","statusDetails":{"known":false,"muted":false,"flaky":false,"message":"Error on test.","trace":"java.lang.AssertionError: Error on test.\r\n\tat org.testng.Assert.fail(Assert.java:85)\r\n\tat org.br.curso.tests.ApiTests.testeLogin(ApiTests.java:39)\r\n\tat sun.reflect.NativeMethodAccessorImpl.invoke0(Native Method)\r\n\tat sun.reflect.NativeMethodAccessorImpl.invoke(Unknown Source)\r\n\tat sun.reflect.DelegatingMethodAccessorImpl.invoke(Unknown Source)\r\n\tat java.lang.reflect.Method.invoke(Unknown Source)\r\n\tat org.testng.internal.MethodInvocationHelper.invokeMethod(MethodInvocationHelper.java:124)\r\n\tat org.testng.internal.Invoker.invokeMethod(Invoker.java:583)\r\n\tat org.testng.internal.Invoker.invokeTestMethod(Invoker.java:719)\r\n\tat org.testng.internal.Invoker.invokeTestMethods(Invoker.java:989)\r\n\tat org.testng.internal.TestMethodWorker.invokeTestMethods(TestMethodWorker.java:125)\r\n\tat org.testng.internal.TestMethodWorker.run(TestMethodWorker.java:109)\r\n\tat org.testng.TestRunner.privateRun(TestRunner.java:648)\r\n\tat org.testng.TestRunner.run(TestRunner.java:505)\r\n\tat org.testng.SuiteRunner.runTest(SuiteRunner.java:455)\r\n\tat org.testng.SuiteRunner.runSequentially(SuiteRunner.java:450)\r\n\tat org.testng.SuiteRunner.privateRun(SuiteRunner.java:415)\r\n\tat org.testng.SuiteRunner.run(SuiteRunner.java:364)\r\n\tat org.testng.SuiteRunnerWorker.runSuite(SuiteRunnerWorker.java:52)\r\n\tat org.testng.SuiteRunnerWorker.run(SuiteRunnerWorker.java:84)\r\n\tat org.testng.TestNG.runSuitesSequentially(TestNG.java:1208)\r\n\tat org.testng.TestNG.runSuitesLocally(TestNG.java:1137)\r\n\tat org.testng.TestNG.runSuites(TestNG.java:1049)\r\n\tat org.testng.TestNG.run(TestNG.java:1017)\r\n\tat org.testng.remote.AbstractRemoteTestNG.run(AbstractRemoteTestNG.java:115)\r\n\tat org.testng.remote.RemoteTestNG.initAndRun(RemoteTestNG.java:251)\r\n\tat org.testng.remote.RemoteTestNG.main(RemoteTestNG.java:77)\r\nCaused by: java.util.concurrent.ExecutionException: java.lang.NullPointerException\r\n\tat com.br.inmetrics.frm.bdd.Gherkin.executeScenario_(Gherkin.java:304)\r\n\tat org.br.curso.tests.ApiTests.testeLogin(ApiTests.java:34)\r\n\t... 25 more\r\nCaused by: java.lang.NullPointerException\r\n\tat com.br.inmetrics.frm.bdd.Gherkin.executeScenario_(Gherkin.java:249)\r\n\t... 26 more\r\n"},"stage":"finished","start":1559843031198,"stop":1559843031475,"steps":[{"name":"Exception on scenario execution","status":"failed","stage":"finished","start":1559843031309,"stop":1559843031316}],"parameters":[]}