{"uuid":"f5425b18-3306-4fb5-b5b1-922c2cf0a58a","historyId":"a1e13a5333cfaefc4ee8e101dff87f1a","fullName":"org.br.curso.tests.ApiTests.testeCriacaoUsuario","labels":[{"name":"package","value":"org.br.curso.tests.ApiTests"},{"name":"testClass","value":"org.br.curso.tests.ApiTests"},{"name":"testMethod","value":"testeCriacaoUsuario"},{"name":"parentSuite","value":"Default suite"},{"name":"suite","value":"Default test"},{"name":"subSuite","value":"org.br.curso.tests.ApiTests"},{"name":"host","value":"LP0948"},{"name":"thread","value":"18584@LP0948.main(1)"}],"links":[],"name":"testeCriacaoUsuario","status":"failed","statusDetails":{"known":false,"muted":false,"flaky":false,"message":"Error on test.","trace":"java.lang.AssertionError: Error on test.\r\n\tat org.testng.Assert.fail(Assert.java:85)\r\n\tat org.br.curso.tests.ApiTests.testeCriacaoUsuario(ApiTests.java:60)\r\n\tat sun.reflect.NativeMethodAccessorImpl.invoke0(Native Method)\r\n\tat sun.reflect.NativeMethodAccessorImpl.invoke(Unknown Source)\r\n\tat sun.reflect.DelegatingMethodAccessorImpl.invoke(Unknown Source)\r\n\tat java.lang.reflect.Method.invoke(Unknown Source)\r\n\tat org.testng.internal.MethodInvocationHelper.invokeMethod(MethodInvocationHelper.java:124)\r\n\tat org.testng.internal.Invoker.invokeMethod(Invoker.java:583)\r\n\tat org.testng.internal.Invoker.invokeTestMethod(Invoker.java:719)\r\n\tat org.testng.internal.Invoker.invokeTestMethods(Invoker.java:989)\r\n\tat org.testng.internal.TestMethodWorker.invokeTestMethods(TestMethodWorker.java:125)\r\n\tat org.testng.internal.TestMethodWorker.run(TestMethodWorker.java:109)\r\n\tat org.testng.TestRunner.privateRun(TestRunner.java:648)\r\n\tat org.testng.TestRunner.run(TestRunner.java:505)\r\n\tat org.testng.SuiteRunner.runTest(SuiteRunner.java:455)\r\n\tat org.testng.SuiteRunner.runSequentially(SuiteRunner.java:450)\r\n\tat org.testng.SuiteRunner.privateRun(SuiteRunner.java:415)\r\n\tat org.testng.SuiteRunner.run(SuiteRunner.java:364)\r\n\tat org.testng.SuiteRunnerWorker.runSuite(SuiteRunnerWorker.java:52)\r\n\tat org.testng.SuiteRunnerWorker.run(SuiteRunnerWorker.java:84)\r\n\tat org.testng.TestNG.runSuitesSequentially(TestNG.java:1208)\r\n\tat org.testng.TestNG.runSuitesLocally(TestNG.java:1137)\r\n\tat org.testng.TestNG.runSuites(TestNG.java:1049)\r\n\tat org.testng.TestNG.run(TestNG.java:1017)\r\n\tat org.testng.remote.AbstractRemoteTestNG.run(AbstractRemoteTestNG.java:115)\r\n\tat org.testng.remote.RemoteTestNG.initAndRun(RemoteTestNG.java:251)\r\n\tat org.testng.remote.RemoteTestNG.main(RemoteTestNG.java:77)\r\nCaused by: java.util.concurrent.ExecutionException: java.lang.reflect.InvocationTargetException\r\n\tat com.br.inmetrics.frm.bdd.Gherkin.executeScenario_(Gherkin.java:304)\r\n\tat org.br.curso.tests.ApiTests.testeCriacaoUsuario(ApiTests.java:56)\r\n\t... 25 more\r\nCaused by: java.lang.reflect.InvocationTargetException\r\n\tat sun.reflect.NativeMethodAccessorImpl.invoke0(Native Method)\r\n\tat sun.reflect.NativeMethodAccessorImpl.invoke(Unknown Source)\r\n\tat sun.reflect.DelegatingMethodAccessorImpl.invoke(Unknown Source)\r\n\tat java.lang.reflect.Method.invoke(Unknown Source)\r\n\tat com.br.inmetrics.frm.helpers.GherkinHelper.invokeScenario(GherkinHelper.java:209)\r\n\tat com.br.inmetrics.frm.bdd.Gherkin.executeScenario_(Gherkin.java:293)\r\n\t... 26 more\r\nCaused by: java.util.concurrent.ExecutionException: java.lang.reflect.InvocationTargetException\r\n\tat com.br.inmetrics.frm.bdd.Gherkin.execute_(Gherkin.java:180)\r\n\tat org.br.curso.features.ApiFeature.criarUsuario(ApiFeature.java:42)\r\n\t... 32 more\r\nCaused by: java.lang.reflect.InvocationTargetException\r\n\tat sun.reflect.NativeMethodAccessorImpl.invoke0(Native Method)\r\n\tat sun.reflect.NativeMethodAccessorImpl.invoke(Unknown Source)\r\n\tat sun.reflect.DelegatingMethodAccessorImpl.invoke(Unknown Source)\r\n\tat java.lang.reflect.Method.invoke(Unknown Source)\r\n\tat com.br.inmetrics.frm.bdd.Gherkin.executeStep_(Gherkin.java:214)\r\n\tat com.br.inmetrics.frm.bdd.Gherkin.execute_(Gherkin.java:174)\r\n\t... 33 more\r\nCaused by: java.lang.NumberFormatException: For input string: \"João\"\r\n\tat java.lang.NumberFormatException.forInputString(Unknown Source)\r\n\tat java.lang.Integer.parseInt(Unknown Source)\r\n\tat java.lang.Byte.parseByte(Unknown Source)\r\n\tat java.lang.Byte.parseByte(Unknown Source)\r\n\tat java_lang_Byte$parseByte.call(Unknown Source)\r\n\tat org.codehaus.groovy.runtime.callsite.CallSiteArray.defaultCall(CallSiteArray.java:47)\r\n\tat org.codehaus.groovy.runtime.callsite.AbstractCallSite.call(AbstractCallSite.java:116)\r\n\tat org.codehaus.groovy.runtime.callsite.AbstractCallSite.call(AbstractCallSite.java:128)\r\n\tat io.restassured.internal.path.ObjectConverter.convertObjectTo(ObjectConverter.groovy:35)\r\n\tat io.restassured.path.json.JsonPath.getByte(JsonPath.java:265)\r\n\tat org.br.curso.steps.ApiSteps.entao_o_usuario_devera_ser_criado_com_sucesso(ApiSteps.java:84)\r\n\t... 39 more\r\n"},"stage":"finished","start":1559915760829,"stop":1559915771991,"steps":[{"name":"Dado que acessei a Api de criação de usuário","status":"passed","stage":"finished","start":1559915760862,"stop":1559915762912},{"name":"Quando criar usuário","status":"passed","stage":"finished","start":1559915762913,"stop":1559915770073,"steps":[{"name":"REST Request: io.restassured.internal.RequestSpecificationImpl@1eb9a3ef","stage":"finished","start":1559915764747,"stop":1559915764747},{"name":"REST Response: {\"name\":\"João\",\"job\":\"Mecanico\",\"id\":\"317\",\"createdAt\":\"2019-06-07T13:56:08.787Z\"}","stage":"finished","start":1559915770073,"stop":1559915770073}]},{"name":"Então o usuário deverá ser criado com sucesso","status":"broken","statusDetails":{"known":false,"muted":false,"flaky":false,"message":"java.lang.reflect.InvocationTargetException","trace":"java.lang.reflect.InvocationTargetException\r\n\tat sun.reflect.NativeMethodAccessorImpl.invoke0(Native Method)\r\n\tat sun.reflect.NativeMethodAccessorImpl.invoke(Unknown Source)\r\n\tat sun.reflect.DelegatingMethodAccessorImpl.invoke(Unknown Source)\r\n\tat java.lang.reflect.Method.invoke(Unknown Source)\r\n\tat com.br.inmetrics.frm.bdd.Gherkin.executeStep_(Gherkin.java:214)\r\n\tat com.br.inmetrics.frm.bdd.Gherkin.execute_(Gherkin.java:174)\r\n\tat org.br.curso.features.ApiFeature.criarUsuario(ApiFeature.java:42)\r\n\tat sun.reflect.NativeMethodAccessorImpl.invoke0(Native Method)\r\n\tat sun.reflect.NativeMethodAccessorImpl.invoke(Unknown Source)\r\n\tat sun.reflect.DelegatingMethodAccessorImpl.invoke(Unknown Source)\r\n\tat java.lang.reflect.Method.invoke(Unknown Source)\r\n\tat com.br.inmetrics.frm.helpers.GherkinHelper.invokeScenario(GherkinHelper.java:209)\r\n\tat com.br.inmetrics.frm.bdd.Gherkin.executeScenario_(Gherkin.java:293)\r\n\tat org.br.curso.tests.ApiTests.testeCriacaoUsuario(ApiTests.java:56)\r\n\tat sun.reflect.NativeMethodAccessorImpl.invoke0(Native Method)\r\n\tat sun.reflect.NativeMethodAccessorImpl.invoke(Unknown Source)\r\n\tat sun.reflect.DelegatingMethodAccessorImpl.invoke(Unknown Source)\r\n\tat java.lang.reflect.Method.invoke(Unknown Source)\r\n\tat org.testng.internal.MethodInvocationHelper.invokeMethod(MethodInvocationHelper.java:124)\r\n\tat org.testng.internal.Invoker.invokeMethod(Invoker.java:583)\r\n\tat org.testng.internal.Invoker.invokeTestMethod(Invoker.java:719)\r\n\tat org.testng.internal.Invoker.invokeTestMethods(Invoker.java:989)\r\n\tat org.testng.internal.TestMethodWorker.invokeTestMethods(TestMethodWorker.java:125)\r\n\tat org.testng.internal.TestMethodWorker.run(TestMethodWorker.java:109)\r\n\tat org.testng.TestRunner.privateRun(TestRunner.java:648)\r\n\tat org.testng.TestRunner.run(TestRunner.java:505)\r\n\tat org.testng.SuiteRunner.runTest(SuiteRunner.java:455)\r\n\tat org.testng.SuiteRunner.runSequentially(SuiteRunner.java:450)\r\n\tat org.testng.SuiteRunner.privateRun(SuiteRunner.java:415)\r\n\tat org.testng.SuiteRunner.run(SuiteRunner.java:364)\r\n\tat org.testng.SuiteRunnerWorker.runSuite(SuiteRunnerWorker.java:52)\r\n\tat org.testng.SuiteRunnerWorker.run(SuiteRunnerWorker.java:84)\r\n\tat org.testng.TestNG.runSuitesSequentially(TestNG.java:1208)\r\n\tat org.testng.TestNG.runSuitesLocally(TestNG.java:1137)\r\n\tat org.testng.TestNG.runSuites(TestNG.java:1049)\r\n\tat org.testng.TestNG.run(TestNG.java:1017)\r\n\tat org.testng.remote.AbstractRemoteTestNG.run(AbstractRemoteTestNG.java:115)\r\n\tat org.testng.remote.RemoteTestNG.initAndRun(RemoteTestNG.java:251)\r\n\tat org.testng.remote.RemoteTestNG.main(RemoteTestNG.java:77)\r\nCaused by: java.lang.NumberFormatException: For input string: \"João\"\r\n\tat java.lang.NumberFormatException.forInputString(Unknown Source)\r\n\tat java.lang.Integer.parseInt(Unknown Source)\r\n\tat java.lang.Byte.parseByte(Unknown Source)\r\n\tat java.lang.Byte.parseByte(Unknown Source)\r\n\tat java_lang_Byte$parseByte.call(Unknown Source)\r\n\tat org.codehaus.groovy.runtime.callsite.CallSiteArray.defaultCall(CallSiteArray.java:47)\r\n\tat org.codehaus.groovy.runtime.callsite.AbstractCallSite.call(AbstractCallSite.java:116)\r\n\tat org.codehaus.groovy.runtime.callsite.AbstractCallSite.call(AbstractCallSite.java:128)\r\n\tat io.restassured.internal.path.ObjectConverter.convertObjectTo(ObjectConverter.groovy:35)\r\n\tat io.restassured.path.json.JsonPath.getByte(JsonPath.java:265)\r\n\tat org.br.curso.steps.ApiSteps.entao_o_usuario_devera_ser_criado_com_sucesso(ApiSteps.java:84)\r\n\t... 39 more\r\n"},"stage":"finished","start":1559915770074,"stop":1559915771938},{"name":"Exception on scenario execution","status":"failed","stage":"finished","start":1559915771938,"stop":1559915771939}],"parameters":[]}